<?xml version="1.0" encoding="UTF-8" ?>
<testsuite tests="8" failures="0" name="com.hsbc.candycrushletter.SolutionFactoryTest" time="24.904" errors="0" skipped="0">
  <properties>
    <property name="idea.version" value="2021.3.3"/>
    <property name="java.runtime.name" value="OpenJDK Runtime Environment"/>
    <property name="java.vm.version" value="11.0.22+7-LTS"/>
    <property name="sun.boot.library.path" value="C:\Users\XiaoNing\.jdks\corretto-11.0.22\bin"/>
    <property name="maven.multiModuleProjectDirectory" value="D:\Java\HSBCCodeTest"/>
    <property name="java.vm.vendor" value="Amazon.com Inc."/>
    <property name="java.vendor.url" value="https://aws.amazon.com/corretto/"/>
    <property name="guice.disable.misplaced.annotation.check" value="true"/>
    <property name="path.separator" value=";"/>
    <property name="java.vm.name" value="OpenJDK 64-Bit Server VM"/>
    <property name="sun.os.patch.level" value=""/>
    <property name="user.script" value=""/>
    <property name="user.country" value="CN"/>
    <property name="sun.java.launcher" value="SUN_STANDARD"/>
    <property name="java.vm.specification.name" value="Java Virtual Machine Specification"/>
    <property name="user.dir" value="D:\Java\HSBCCodeTest"/>
    <property name="java.vm.compressedOopsMode" value="Zero based"/>
    <property name="java.runtime.version" value="11.0.22+7-LTS"/>
    <property name="java.awt.graphicsenv" value="sun.awt.Win32GraphicsEnvironment"/>
    <property name="os.arch" value="amd64"/>
    <property name="java.io.tmpdir" value="C:\Users\XiaoNing\AppData\Local\Temp\"/>
    <property name="line.separator" value="
"/>
    <property name="java.vm.specification.vendor" value="Oracle Corporation"/>
    <property name="user.variant" value=""/>
    <property name="os.name" value="Windows 11"/>
    <property name="maven.ext.class.path" value="D:\Installation\IntelJ\IntelliJIDEA202133\IntelliJ IDEA 2021.3.3\plugins\maven\lib\maven-event-listener.jar"/>
    <property name="classworlds.conf" value="D:\Installation\IntelJ\IntelliJIDEA202133\IntelliJ IDEA 2021.3.3\plugins\maven\lib\maven3\bin\m2.conf"/>
    <property name="sun.jnu.encoding" value="GBK"/>
    <property name="java.library.path" value="C:\Users\XiaoNing\.jdks\corretto-11.0.22\bin;C:\WINDOWS\Sun\Java\bin;C:\WINDOWS\system32;C:\WINDOWS;C:\Program Files (x86)\Common Files\Oracle\Java\javapath;D:\Installation\VMWare\bin\;C:\WINDOWS\system32;C:\WINDOWS;C:\WINDOWS\System32\Wbem;C:\WINDOWS\System32\WindowsPowerShell\v1.0\;C:\WINDOWS\System32\OpenSSH\;D:\Installation\JDK8\bin;D:\Installation\JDK8\jre\bin;D:\Installation\JDK8\bin;D:\Installation\Maven\apache-maven-3.6.1\bin;D:\Installation\NodeJS\;C:\Program Files\Microsoft SQL Server\150\Tools\Binn\;C:\Program Files\Microsoft SQL Server\Client SDK\ODBC\170\Tools\Binn\;C:\Program Files\dotnet\;D:\Installation\Git\cmd;C:\Users\XiaoNing\AppData\Local\Microsoft\WindowsApps;C:\Users\XiaoNing\AppData\Roaming\npm;C:\Users\XiaoNing\.dotnet\tools;D:\Installation\IntelJ\IntelliJIDEA202133\IntelliJ IDEA 2021.3.3\bin;;."/>
    <property name="maven.conf" value="D:\Installation\IntelJ\IntelliJIDEA202133\IntelliJ IDEA 2021.3.3\plugins\maven\lib\maven3/conf"/>
    <property name="jdk.debug" value="release"/>
    <property name="java.class.version" value="55.0"/>
    <property name="java.specification.name" value="Java Platform API Specification"/>
    <property name="sun.management.compiler" value="HotSpot 64-Bit Tiered Compilers"/>
    <property name="os.version" value="10.0"/>
    <property name="user.home" value="C:\Users\XiaoNing"/>
    <property name="user.timezone" value="Asia/Shanghai"/>
    <property name="java.awt.printerjob" value="sun.awt.windows.WPrinterJob"/>
    <property name="file.encoding" value="UTF-8"/>
    <property name="java.specification.version" value="11"/>
    <property name="user.name" value="XiaoNing"/>
    <property name="java.class.path" value="D:\Installation\IntelJ\IntelliJIDEA202133\IntelliJ IDEA 2021.3.3\plugins\maven\lib\maven3\boot\plexus-classworlds-2.6.0.jar;D:\Installation\IntelJ\IntelliJIDEA202133\IntelliJ IDEA 2021.3.3\plugins\maven\lib\maven3\boot\plexus-classworlds.license"/>
    <property name="java.vm.specification.version" value="11"/>
    <property name="sun.arch.data.model" value="64"/>
    <property name="sun.java.command" value="org.codehaus.classworlds.Launcher -Didea.version=2021.3.3 -s D:\Installation\Maven\apache-maven-3.6.1\conf\settings.xml install"/>
    <property name="java.home" value="C:\Users\XiaoNing\.jdks\corretto-11.0.22"/>
    <property name="user.language" value="zh"/>
    <property name="java.specification.vendor" value="Oracle Corporation"/>
    <property name="awt.toolkit" value="sun.awt.windows.WToolkit"/>
    <property name="java.vm.info" value="mixed mode"/>
    <property name="java.version" value="11.0.22"/>
    <property name="java.vendor" value="Amazon.com Inc."/>
    <property name="java.specification.maintenance.version" value="2"/>
    <property name="maven.home" value="D:\Installation\IntelJ\IntelliJIDEA202133\IntelliJ IDEA 2021.3.3\plugins\maven\lib\maven3"/>
    <property name="file.separator" value="\"/>
    <property name="java.version.date" value="2024-01-16"/>
    <property name="java.vendor.url.bug" value="https://github.com/corretto/corretto-11/issues/"/>
    <property name="sun.io.unicode.encoding" value="UnicodeLittle"/>
    <property name="sun.cpu.endian" value="little"/>
    <property name="java.vendor.version" value="Corretto-11.0.22.7.1"/>
    <property name="sun.desktop" value="windows"/>
    <property name="sun.cpu.isalist" value="amd64"/>
  </properties>
  <testcase classname="com.hsbc.candycrushletter.SolutionFactoryTest" name="com.hsbc.candycrushletter.SolutionFactoryTest.testCase5" time="0.001"/>
  <testcase classname="com.hsbc.candycrushletter.SolutionFactoryTest" name="com.hsbc.candycrushletter.SolutionFactoryTest.testCase6" time="0"/>
  <testcase classname="com.hsbc.candycrushletter.SolutionFactoryTest" name="com.hsbc.candycrushletter.SolutionFactoryTest.testCase8" time="10.536"/>
  <testcase classname="com.hsbc.candycrushletter.SolutionFactoryTest" name="com.hsbc.candycrushletter.SolutionFactoryTest.testCase2" time="0.003"/>
  <testcase classname="com.hsbc.candycrushletter.SolutionFactoryTest" name="com.hsbc.candycrushletter.SolutionFactoryTest.testCase3" time="0"/>
  <testcase classname="com.hsbc.candycrushletter.SolutionFactoryTest" name="com.hsbc.candycrushletter.SolutionFactoryTest.testCase4" time="14.364"/>
  <testcase classname="com.hsbc.candycrushletter.SolutionFactoryTest" name="com.hsbc.candycrushletter.SolutionFactoryTest.testCase1" time="0"/>
  <testcase classname="com.hsbc.candycrushletter.SolutionFactoryTest" name="com.hsbc.candycrushletter.SolutionFactoryTest.testCase7" time="0"/>
</testsuite>